0 silly argv { _: [ 'import' ],
0 silly argv   'preserve-commit': true,
0 silly argv   preserveCommit: true,
0 silly argv   lernaVersion: '3.18.3',
0 silly argv   '$0': 'lerna',
0 silly argv   dir: '/Users/james/Projects/onehilltech/blueprint/blueprint' }
1 notice cli v3.18.3
2 verbose rootPath /Users/james/Projects/onehilltech/blueprint-lerna
3 error Error: Command failed: git rev-parse HEAD
3 error fatal: ambiguous argument 'HEAD': unknown revision or path not in the working tree.
3 error Use '--' to separate paths from revisions, like this:
3 error 'git <command> [<revision>...] -- [<file>...]'
3 error
3 error HEAD
3 error
3 error     at makeError (/Users/james/.nvm/versions/node/v10.16.3/lib/node_modules/lerna/node_modules/execa/index.js:174:9)
3 error     at Function.module.exports.sync (/Users/james/.nvm/versions/node/v10.16.3/lib/node_modules/lerna/node_modules/execa/index.js:338:15)
3 error     at Object.execSync (/Users/james/.nvm/versions/node/v10.16.3/lib/node_modules/lerna/node_modules/@lerna/child-process/index.js:26:16)
3 error     at ImportCommand.execSync (/Users/james/.nvm/versions/node/v10.16.3/lib/node_modules/lerna/node_modules/@lerna/import/index.js:143:34)
3 error     at ImportCommand.getCurrentSHA (/Users/james/.nvm/versions/node/v10.16.3/lib/node_modules/lerna/node_modules/@lerna/import/index.js:135:17)
3 error     at ImportCommand.initialize (/Users/james/.nvm/versions/node/v10.16.3/lib/node_modules/lerna/node_modules/@lerna/import/index.js:104:31)
3 error     at Promise.resolve.then (/Users/james/.nvm/versions/node/v10.16.3/lib/node_modules/lerna/node_modules/@lerna/command/index.js:271:24)
